<?xml version="1.0" encoding="utf-8"?><testsuites name="pytest tests"><testsuite name="pytest" errors="0" failures="0" skipped="0" tests="23" time="45.867" timestamp="2026-05-21T19:02:21.289706+00:00" hostname="agent-env-4d619a65-3928-45f8-a405-a337b1af7783"><testcase classname="backend.tests.backend_test.TestHealth" name="test_root" time="0.169" /><testcase classname="backend.tests.backend_test.TestWatchlist" name="test_default" time="0.072" /><testcase classname="backend.tests.backend_test.TestQuoteSingle" name="test_valid_b3[PETR4]" time="3.230" /><testcase classname="backend.tests.backend_test.TestQuoteSingle" name="test_valid_b3[VALE3]" time="2.608" /><testcase classname="backend.tests.backend_test.TestQuoteSingle" name="test_index_bvsp" time="2.070" /><testcase classname="backend.tests.backend_test.TestQuoteSingle" name="test_invalid_symbol_returns_404" time="2.088" /><testcase classname="backend.tests.backend_test.TestQuotesBatch" name="test_batch" time="1.364" /><testcase classname="backend.tests.backend_test.TestQuotesBatch" name="test_no_symbols_400" time="0.071" /><testcase classname="backend.tests.backend_test.TestHistory" name="test_history_ranges[1mo]" time="2.912" /><testcase classname="backend.tests.backend_test.TestHistory" name="test_history_ranges[3mo]" time="0.279" /><testcase classname="backend.tests.backend_test.TestHistory" name="test_history_1y" time="2.556" /><testcase classname="backend.tests.backend_test.TestIndicators" name="test_indicators_shape" time="0.295" /><testcase classname="backend.tests.backend_test.TestSignal" name="test_signal_petr4" time="3.838" /><testcase classname="backend.tests.backend_test.TestSuggestions" name="test_suggestions" time="14.486" /><testcase classname="backend.tests.backend_test.TestMarketSummary" name="test_summary" time="8.859" /><testcase classname="backend.tests.backend_test.TestTradeJournal" name="test_create_and_persist" time="0.135" /><testcase classname="backend.tests.backend_test.TestTradeJournal" name="test_create_invalid_side" time="0.064" /><testcase classname="backend.tests.backend_test.TestTradeJournal" name="test_filter_open" time="0.062" /><testcase classname="backend.tests.backend_test.TestTradeJournal" name="test_close_buy_computes_pnl" time="0.076" /><testcase classname="backend.tests.backend_test.TestTradeJournal" name="test_close_already_closed_400" time="0.071" /><testcase classname="backend.tests.backend_test.TestTradeJournal" name="test_stats" time="0.070" /><testcase classname="backend.tests.backend_test.TestTradeJournal" name="test_sell_pnl" time="0.205" /><testcase classname="backend.tests.backend_test.TestTradeJournal" name="test_delete" time="0.211" /></testsuite></testsuites>